Using pre-set license
Built from '2020.3/release' branch; Version is '2020.3.12f1 (b3b2c6512326) revision 11776710'; Using compiler version '192528614'; Build Type 'Release'
OS: 'Windows 10 Home Single Language; OS build 19044.1586; Version 2009; 64bit' Language: 'en' Physical Memory: 16267 MB
BatchMode: 1, IsHumanControllingUs: 0, StartBugReporterOnCrash: 0, Is64bit: 1, IsPro: 0

 COMMAND LINE ARGUMENTS:
D:\Work\Unity Editors\2020.3.12f1\Editor\Unity.exe
-adb2
-batchMode
-noUpm
-name
AssetImportWorker0
-projectPath
D:/Work/Unity Projects/Fun
-logFile
Logs/AssetImportWorker0.log
-srvPort
49690
Successfully changed project path to: D:/Work/Unity Projects/Fun
D:/Work/Unity Projects/Fun
Using Asset Import Pipeline V2.
Refreshing native plugins compatible for Editor in 41.06 ms, found 2 plugins.
Preloading 0 native plugins for Editor in 0.00 ms.
Initialize engine version: 2020.3.12f1 (b3b2c6512326)
[Subsystems] Discovering subsystems at path D:/Work/Unity Editors/2020.3.12f1/Editor/Data/Resources/UnitySubsystems
[Subsystems] Discovering subsystems at path D:/Work/Unity Projects/Fun/Assets
GfxDevice: creating device client; threaded=0
Direct3D:
    Version:  Direct3D 11.0 [level 11.1]
    Renderer: NVIDIA GeForce GTX 1050 (ID=0x1c8d)
    Vendor:   
    VRAM:     4021 MB
    Driver:   30.0.15.1179
Initialize mono
Mono path[0] = 'D:/Work/Unity Editors/2020.3.12f1/Editor/Data/Managed'
Mono path[1] = 'D:/Work/Unity Editors/2020.3.12f1/Editor/Data/MonoBleedingEdge/lib/mono/unityjit'
Mono config path = 'D:/Work/Unity Editors/2020.3.12f1/Editor/Data/MonoBleedingEdge/etc'
Using monoOptions --debugger-agent=transport=dt_socket,embedding=1,server=y,suspend=n,address=127.0.0.1:56380
Begin MonoManager ReloadAssembly
Registering precompiled unity dll's ...
Register platform support module: D:/Work/Unity Editors/2020.3.12f1/Editor/Data/PlaybackEngines/WindowsStandaloneSupport/UnityEditor.WindowsStandalone.Extensions.dll
Registered in 0.001354 seconds.
Native extension for WindowsStandalone target not found
Refreshing native plugins compatible for Editor in 44.69 ms, found 2 plugins.
Preloading 0 native plugins for Editor in 0.00 ms.
Mono: successfully reloaded assembly
- Completed reload, in  2.028 seconds
Platform modules already initialized, skipping
Registering precompiled user dll's ...
Registered in 0.003697 seconds.
Begin MonoManager ReloadAssembly
Native extension for WindowsStandalone target not found
Refreshing native plugins compatible for Editor in 0.34 ms, found 2 plugins.
Preloading 0 native plugins for Editor in 0.00 ms.
Mono: successfully reloaded assembly
- Completed reload, in  1.363 seconds
Platform modules already initialized, skipping
========================================================================
Worker process is ready to serve import requests
Launched and connected shader compiler UnityShaderCompiler.exe after 0.08 seconds
Refreshing native plugins compatible for Editor in 0.45 ms, found 2 plugins.
Preloading 0 native plugins for Editor in 0.00 ms.
Unloading 1525 Unused Serialized files (Serialized files now loaded: 0)
System memory in use before: 82.8 MB.
System memory in use after: 82.9 MB.

Unloading 19 unused Assets to reduce memory usage. Loaded Objects now: 1976.
Total: 2.874500 ms (FindLiveObjects: 0.336500 ms CreateObjectMapping: 0.084500 ms MarkObjects: 2.347200 ms  DeleteObjects: 0.104900 ms)

AssetImportParameters requested are different than current active one (requested -> active):
  custom:framework-win-MediaFoundation: 216162199b28c13a410421893ffa2e32 -> 
  custom:video-decoder-ogg-theora: a1e56fd34408186e4bbccfd4996cb3dc -> 
  custom:container-muxer-webm: aa71ff27fc2769a1b78a27578f13a17b -> 
  custom:container-demuxer-webm: 4f35f7cbe854078d1ac9338744f61a02 -> 
  custom:container-demuxer-ogg: 62fdf1f143b41e24485cea50d1cbac27 -> 
  custom:video-encoder-webm-vp8: eb34c28f22e8b96e1ab97ce403110664 -> 
  custom:video-decoder-webm-vp8: 9c59270c3fd7afecdb556c50c9e8de78 -> 
  custom:audio-decoder-ogg-vorbis: bf7c407c2cedff20999df2af8eb42d56 -> 
  custom:audio-encoder-webm-vorbis: bf7c407c2cedff20999df2af8eb42d56 -> 
========================================================================
Received Import Request.
  path: Assets/Samples/Terrain Tools/0.1.0-preview/Terrain Assets/TerrainBrushes/terrainstamp_mountain08.brush
  artifactKey: Guid(f3ac69de155752e498f0f9864e41e7a1) Importer(815301076,1909f56bfc062723c751e8b465ee728b)
Start importing Assets/Samples/Terrain Tools/0.1.0-preview/Terrain Assets/TerrainBrushes/terrainstamp_mountain08.brush using Guid(f3ac69de155752e498f0f9864e41e7a1) Importer(815301076,1909f56bfc062723c751e8b465ee728b)  -> (artifact id: '8fdab0ced0a3db97e3f2e9a02151baec') in 0.147062 seconds 
  Import took 0.150876 seconds .

========================================================================
Received Import Request.
  Time since last request: 28.903429 seconds.
  path: Assets/Samples/Terrain Tools/0.1.0-preview/Terrain Assets/TerrainBrushes/terrainstamp_mountain02.brush
  artifactKey: Guid(8569f88df55a4b64b997e64b2aa69432) Importer(815301076,1909f56bfc062723c751e8b465ee728b)
Start importing Assets/Samples/Terrain Tools/0.1.0-preview/Terrain Assets/TerrainBrushes/terrainstamp_mountain02.brush using Guid(8569f88df55a4b64b997e64b2aa69432) Importer(815301076,1909f56bfc062723c751e8b465ee728b)  -> (artifact id: '079c20b57f4ef81528ea38e002b68ecf') in 0.015067 seconds 
  Import took 0.017970 seconds .

========================================================================
Received Import Request.
  Time since last request: 16.580558 seconds.
  path: Assets/Samples/Terrain Tools/0.1.0-preview/Terrain Assets/BrushTextures/mountain02.tif
  artifactKey: Guid(5b7433cfa322cdb4ba853ecd73127975) Importer(815301076,1909f56bfc062723c751e8b465ee728b)
Start importing Assets/Samples/Terrain Tools/0.1.0-preview/Terrain Assets/BrushTextures/mountain02.tif using Guid(5b7433cfa322cdb4ba853ecd73127975) Importer(815301076,1909f56bfc062723c751e8b465ee728b)  -> (artifact id: '2d05ead394c8c42e5889c39f32070a11') in 0.059368 seconds 
  Import took 0.062622 seconds .

========================================================================
Received Import Request.
  Time since last request: 19.493103 seconds.
  path: Assets/Samples/Terrain Tools/0.1.0-preview/Terrain Assets/TerrainTextures/dirt_albedo.tif
  artifactKey: Guid(7f3df385222f5b1428f6a156037deb5e) Importer(815301076,1909f56bfc062723c751e8b465ee728b)
Start importing Assets/Samples/Terrain Tools/0.1.0-preview/Terrain Assets/TerrainTextures/dirt_albedo.tif using Guid(7f3df385222f5b1428f6a156037deb5e) Importer(815301076,1909f56bfc062723c751e8b465ee728b)  -> (artifact id: 'aaf52615797939bbc9673af9ed75df73') in 0.049690 seconds 
  Import took 0.052291 seconds .

========================================================================
Received Import Request.
  Time since last request: 5.919674 seconds.
  path: Assets/FreeTestCharacterAsuna/Textures/AsunaArmor/AsunaArmorAlbedo.png
  artifactKey: Guid(3d22562a700bd6c43b94dbd9df1cc259) Importer(815301076,1909f56bfc062723c751e8b465ee728b)
Start importing Assets/FreeTestCharacterAsuna/Textures/AsunaArmor/AsunaArmorAlbedo.png using Guid(3d22562a700bd6c43b94dbd9df1cc259) Importer(815301076,1909f56bfc062723c751e8b465ee728b)  -> (artifact id: '6bdab773fe46f20a41bfc2a8412548f2') in 0.055750 seconds 
  Import took 0.070270 seconds .

========================================================================
Received Import Request.
  Time since last request: 0.000302 seconds.
  path: Assets/FreeTestCharacterAsuna/Textures/CharacterEyes/CharacterEyesBluePurpleIllumination.png
  artifactKey: Guid(6f50b127a34702f4cb5923a7e85eb403) Importer(815301076,1909f56bfc062723c751e8b465ee728b)
Start importing Assets/FreeTestCharacterAsuna/Textures/CharacterEyes/CharacterEyesBluePurpleIllumination.png using Guid(6f50b127a34702f4cb5923a7e85eb403) Importer(815301076,1909f56bfc062723c751e8b465ee728b)  -> (artifact id: 'c32df57d0d42184b0d8d82c2c49b9b42') in 0.056172 seconds 
  Import took 0.058838 seconds .

========================================================================
Received Import Request.
  Time since last request: 0.000344 seconds.
  path: Assets/FreeTestCharacterAsuna/Textures/CharacterEyes/CharacterEyesBrownAlbedo.png
  artifactKey: Guid(bbc3108b0c047f1498b2dd0e289c012e) Importer(815301076,1909f56bfc062723c751e8b465ee728b)
Start importing Assets/FreeTestCharacterAsuna/Textures/CharacterEyes/CharacterEyesBrownAlbedo.png using Guid(bbc3108b0c047f1498b2dd0e289c012e) Importer(815301076,1909f56bfc062723c751e8b465ee728b)  -> (artifact id: '42159bbc6d936a8f1835b78eebccc9cf') in 0.065709 seconds 
  Import took 0.078640 seconds .

========================================================================
Received Import Request.
  Time since last request: 0.000180 seconds.
  path: Assets/Samples/Terrain Tools/0.1.0-preview/Terrain Assets/BrushTextures/canyon02.tif
  artifactKey: Guid(4fe4d3241d435594b82a72af96e4052d) Importer(815301076,1909f56bfc062723c751e8b465ee728b)
Start importing Assets/Samples/Terrain Tools/0.1.0-preview/Terrain Assets/BrushTextures/canyon02.tif using Guid(4fe4d3241d435594b82a72af96e4052d) Importer(815301076,1909f56bfc062723c751e8b465ee728b)  -> (artifact id: '5d14127df3f3968e59dd1afb699ee8b4') in 0.044433 seconds 
  Import took 0.046937 seconds .

========================================================================
Received Import Request.
  Time since last request: 0.000247 seconds.
  path: Assets/FreeTestCharacterAsuna/Textures/AsunaHead/AsunaHeadAO.png
  artifactKey: Guid(419a4654508fd4044afbae0284d0135a) Importer(815301076,1909f56bfc062723c751e8b465ee728b)
Start importing Assets/FreeTestCharacterAsuna/Textures/AsunaHead/AsunaHeadAO.png using Guid(419a4654508fd4044afbae0284d0135a) Importer(815301076,1909f56bfc062723c751e8b465ee728b)  -> (artifact id: '03299af38efd5f2245eb102455c84474') in 0.020821 seconds 
  Import took 0.033460 seconds .

========================================================================
Received Import Request.
  Time since last request: 0.000304 seconds.
  path: Assets/FreeTestCharacterAsuna/Textures/CharacterEyes/CharacterEyesBluePurpleAlbedo.png
  artifactKey: Guid(450a58424a2b54e4b97e39431fa0f5a8) Importer(815301076,1909f56bfc062723c751e8b465ee728b)
Start importing Assets/FreeTestCharacterAsuna/Textures/CharacterEyes/CharacterEyesBluePurpleAlbedo.png using Guid(450a58424a2b54e4b97e39431fa0f5a8) Importer(815301076,1909f56bfc062723c751e8b465ee728b)  -> (artifact id: '39ffab46cb5416671afa738312062b75') in 0.086917 seconds 
  Import took 0.110611 seconds .

========================================================================
Received Import Request.
  Time since last request: 0.000262 seconds.
  path: Assets/FreeTestCharacterAsuna/Textures/CharacterEyes/CharacterEyesDarkBlueBrightIllumination.png
  artifactKey: Guid(acb8592d5b94ab24782a1d05803cd668) Importer(815301076,1909f56bfc062723c751e8b465ee728b)
Start importing Assets/FreeTestCharacterAsuna/Textures/CharacterEyes/CharacterEyesDarkBlueBrightIllumination.png using Guid(acb8592d5b94ab24782a1d05803cd668) Importer(815301076,1909f56bfc062723c751e8b465ee728b)  -> (artifact id: '503c7ea8c14d03808db982bf29afe919') in 0.119764 seconds 
  Import took 0.123353 seconds .

========================================================================
Received Import Request.
  Time since last request: 0.000276 seconds.
  path: Assets/FreeTestCharacterAsuna/Textures/AsunaEyelashesBrows/AsunaEyelashesBrowsPBRMetalness.tga
  artifactKey: Guid(748ca306c2ad05a44b1050271774a6b1) Importer(815301076,1909f56bfc062723c751e8b465ee728b)
Start importing Assets/FreeTestCharacterAsuna/Textures/AsunaEyelashesBrows/AsunaEyelashesBrowsPBRMetalness.tga using Guid(748ca306c2ad05a44b1050271774a6b1) Importer(815301076,1909f56bfc062723c751e8b465ee728b)  -> (artifact id: '75991689a762d453ba287e8e9d86c97e') in 0.219312 seconds 
  Import took 0.222195 seconds .

========================================================================
Received Import Request.
  Time since last request: 0.000271 seconds.
  path: Assets/FreeTestCharacterAsuna/Textures/CharacterEyes/CharacterEyesBrightRedIllumination.png
  artifactKey: Guid(74be49b9fa7419642be8629f17e40fa6) Importer(815301076,1909f56bfc062723c751e8b465ee728b)
Start importing Assets/FreeTestCharacterAsuna/Textures/CharacterEyes/CharacterEyesBrightRedIllumination.png using Guid(74be49b9fa7419642be8629f17e40fa6) Importer(815301076,1909f56bfc062723c751e8b465ee728b)  -> (artifact id: '3929b38cdcde9e7e0d8a4b9630b8e42b') in 0.122372 seconds 
  Import took 0.124831 seconds .

========================================================================
Received Import Request.
  Time since last request: 0.000311 seconds.
  path: Assets/FreeTestCharacterAsuna/Textures/CharacterEyes/CharacterEyesDarkRedIllumination.png
  artifactKey: Guid(7f44b72a8d910384e8dc7f99fd8a8449) Importer(815301076,1909f56bfc062723c751e8b465ee728b)
Start importing Assets/FreeTestCharacterAsuna/Textures/CharacterEyes/CharacterEyesDarkRedIllumination.png using Guid(7f44b72a8d910384e8dc7f99fd8a8449) Importer(815301076,1909f56bfc062723c751e8b465ee728b)  -> (artifact id: '130d04cde452c5aa90a69045d3e260f0') in 0.071609 seconds 
  Import took 0.075165 seconds .

========================================================================
Received Import Request.
  Time since last request: 0.000398 seconds.
  path: Assets/FreeTestCharacterAsuna/Textures/AsunaEyelashesBrows/AsunaEyelashesBrowsNormal.png
  artifactKey: Guid(0993717cb9407784cb3d9008041aa5b1) Importer(815301076,1909f56bfc062723c751e8b465ee728b)
Start importing Assets/FreeTestCharacterAsuna/Textures/AsunaEyelashesBrows/AsunaEyelashesBrowsNormal.png using Guid(0993717cb9407784cb3d9008041aa5b1) Importer(815301076,1909f56bfc062723c751e8b465ee728b)  -> (artifact id: '6661dd4b7e19b57ca16c1fd76e794283') in 0.054818 seconds 
  Import took 0.057828 seconds .

========================================================================
Received Import Request.
  Time since last request: 0.000330 seconds.
  path: Assets/FreeTestCharacterAsuna/Textures/AsunaHead/AsunaHeadNormal.png
  artifactKey: Guid(621be4ba148ad2f4bb921dd6e3db813d) Importer(815301076,1909f56bfc062723c751e8b465ee728b)
Start importing Assets/FreeTestCharacterAsuna/Textures/AsunaHead/AsunaHeadNormal.png using Guid(621be4ba148ad2f4bb921dd6e3db813d) Importer(815301076,1909f56bfc062723c751e8b465ee728b)  -> (artifact id: 'ddd86d0c81ec093d025cc50edad72e7e') in 0.043228 seconds 
  Import took 0.047518 seconds .

========================================================================
Received Import Request.
  Time since last request: 0.000272 seconds.
  path: Assets/FreeTestCharacterAsuna/Textures/AsunaHead/AsunaHeadPBRMetalness.tga
  artifactKey: Guid(ffd37d27621535244b0336c9cc0c0234) Importer(815301076,1909f56bfc062723c751e8b465ee728b)
Start importing Assets/FreeTestCharacterAsuna/Textures/AsunaHead/AsunaHeadPBRMetalness.tga using Guid(ffd37d27621535244b0336c9cc0c0234) Importer(815301076,1909f56bfc062723c751e8b465ee728b)  -> (artifact id: 'b9f886376bdc0732cfba588aa6fc94f4') in 0.042199 seconds 
  Import took 0.045987 seconds .

========================================================================
Received Import Request.
  Time since last request: 0.000325 seconds.
  path: Assets/FreeTestCharacterAsuna/Textures/AsunaEyelashesBrows/AsunaEyelashesBrowsAlphaMask.tga
  artifactKey: Guid(56d6871e0ef4a5446aa22eda5c7bedce) Importer(815301076,1909f56bfc062723c751e8b465ee728b)
Start importing Assets/FreeTestCharacterAsuna/Textures/AsunaEyelashesBrows/AsunaEyelashesBrowsAlphaMask.tga using Guid(56d6871e0ef4a5446aa22eda5c7bedce) Importer(815301076,1909f56bfc062723c751e8b465ee728b)  -> (artifact id: '008897463a50781ead9889a06d0ca6e0') in 0.010449 seconds 
  Import took 0.013673 seconds .

========================================================================
Received Import Request.
  Time since last request: 0.000279 seconds.
  path: Assets/FreeTestCharacterAsuna/Textures/AsunaArmor/AsunaArmorPBRMetalness.tga
  artifactKey: Guid(c9d32f04c2095c745802a9d34315459e) Importer(815301076,1909f56bfc062723c751e8b465ee728b)
Start importing Assets/FreeTestCharacterAsuna/Textures/AsunaArmor/AsunaArmorPBRMetalness.tga using Guid(c9d32f04c2095c745802a9d34315459e) Importer(815301076,1909f56bfc062723c751e8b465ee728b)  -> (artifact id: 'fb956791b6b2d6ab6a0c87b719314801') in 0.043008 seconds 
  Import took 0.046080 seconds .

========================================================================
Received Import Request.
  Time since last request: 0.000300 seconds.
  path: Assets/FreeTestCharacterAsuna/Textures/AsunaBody/Albedo/AsunaBodyBlueAlbedo.png
  artifactKey: Guid(4a25cb53ec6d5fa41bf6b2ca33fd71e7) Importer(815301076,1909f56bfc062723c751e8b465ee728b)
Start importing Assets/FreeTestCharacterAsuna/Textures/AsunaBody/Albedo/AsunaBodyBlueAlbedo.png using Guid(4a25cb53ec6d5fa41bf6b2ca33fd71e7) Importer(815301076,1909f56bfc062723c751e8b465ee728b)  -> (artifact id: '50b512a4dc573b8b4067cfd502edf70b') in 0.020442 seconds 
  Import took 0.023910 seconds .

========================================================================
Received Import Request.
  Time since last request: 0.000238 seconds.
  path: Assets/FreeTestCharacterAsuna/Textures/AsunaBody/Albedo/AsunaBodyBlackAlbedo.png
  artifactKey: Guid(c324820e5fd55b549b5f4c9128c0771c) Importer(815301076,1909f56bfc062723c751e8b465ee728b)
Start importing Assets/FreeTestCharacterAsuna/Textures/AsunaBody/Albedo/AsunaBodyBlackAlbedo.png using Guid(c324820e5fd55b549b5f4c9128c0771c) Importer(815301076,1909f56bfc062723c751e8b465ee728b)  -> (artifact id: 'e28462fa009385ae9cb14ca18d8be446') in 0.020930 seconds 
  Import took 0.024742 seconds .

========================================================================
Received Import Request.
  Time since last request: 0.000276 seconds.
  path: Assets/FreeTestCharacterAsuna/Textures/CharacterEyes/CharacterEyesDarkGreenIllumination.png
  artifactKey: Guid(b5a1102800cf2b5478dc5ea42849dc1e) Importer(815301076,1909f56bfc062723c751e8b465ee728b)
Start importing Assets/FreeTestCharacterAsuna/Textures/CharacterEyes/CharacterEyesDarkGreenIllumination.png using Guid(b5a1102800cf2b5478dc5ea42849dc1e) Importer(815301076,1909f56bfc062723c751e8b465ee728b)  -> (artifact id: 'c148f10f1e83f9f945de55bcb7aabe2b') in 0.096996 seconds 
  Import took 0.100221 seconds .

========================================================================
Received Import Request.
  Time since last request: 0.000300 seconds.
  path: Assets/FreeTestCharacterAsuna/Textures/AsunaBody/Albedo/AsunaBodyGreenAlbedo.png
  artifactKey: Guid(fa3a4ad2d0d6421409211983dc7abb3f) Importer(815301076,1909f56bfc062723c751e8b465ee728b)
Start importing Assets/FreeTestCharacterAsuna/Textures/AsunaBody/Albedo/AsunaBodyGreenAlbedo.png using Guid(fa3a4ad2d0d6421409211983dc7abb3f) Importer(815301076,1909f56bfc062723c751e8b465ee728b)  -> (artifact id: '772b27a9b7aa4e9c54fdb08f3f7b4f2e') in 0.304521 seconds 
  Import took 0.308007 seconds .

========================================================================
Received Import Request.
  Time since last request: 0.000412 seconds.
  path: Assets/Samples/Terrain Tools/0.1.0-preview/Terrain Assets/TerrainLayers/dirt.terrainlayer
  artifactKey: Guid(c25f012d8eaba684b9a392d71f427372) Importer(815301076,1909f56bfc062723c751e8b465ee728b)
Start importing Assets/Samples/Terrain Tools/0.1.0-preview/Terrain Assets/TerrainLayers/dirt.terrainlayer using Guid(c25f012d8eaba684b9a392d71f427372) Importer(815301076,1909f56bfc062723c751e8b465ee728b)  -> (artifact id: '466271538b205e4ef84bcf6faeae064c') in 0.025830 seconds 
  Import took 0.028974 seconds .

========================================================================
Received Import Request.
  Time since last request: 0.000319 seconds.
  path: Assets/Samples/Terrain Tools/0.1.0-preview/Terrain Assets/TerrainTextures/dirt_normal.tif
  artifactKey: Guid(1ff4687a05ada474ca7eaf3010a871f6) Importer(815301076,1909f56bfc062723c751e8b465ee728b)
Start importing Assets/Samples/Terrain Tools/0.1.0-preview/Terrain Assets/TerrainTextures/dirt_normal.tif using Guid(1ff4687a05ada474ca7eaf3010a871f6) Importer(815301076,1909f56bfc062723c751e8b465ee728b)  -> (artifact id: '60157de039cdc2ab8460df45b2b59e59') in 0.023595 seconds 
  Import took 0.026843 seconds .

========================================================================
Received Import Request.
  Time since last request: 0.000392 seconds.
  path: Assets/FreeTestCharacterAsuna/Textures/AsunaArmor/AsunaArmorNormal.png
  artifactKey: Guid(06875921ad36fe54db5c90a582dcb18b) Importer(815301076,1909f56bfc062723c751e8b465ee728b)
Start importing Assets/FreeTestCharacterAsuna/Textures/AsunaArmor/AsunaArmorNormal.png using Guid(06875921ad36fe54db5c90a582dcb18b) Importer(815301076,1909f56bfc062723c751e8b465ee728b)  -> (artifact id: '0bcd7607bfeb7047f43104178be4509b') in 0.015987 seconds 
  Import took 0.019982 seconds .

========================================================================
Received Import Request.
  Time since last request: 0.000299 seconds.
  path: Assets/Samples/Terrain Tools/0.1.0-preview/Terrain Assets/BrushTextures/canyon05.tif
  artifactKey: Guid(3771b24b1afb4bd4d86e3ba795b65a32) Importer(815301076,1909f56bfc062723c751e8b465ee728b)
Start importing Assets/Samples/Terrain Tools/0.1.0-preview/Terrain Assets/BrushTextures/canyon05.tif using Guid(3771b24b1afb4bd4d86e3ba795b65a32) Importer(815301076,1909f56bfc062723c751e8b465ee728b)  -> (artifact id: '3b38ec146b62b62958a55b23a1af0caf') in 0.062437 seconds 
  Import took 0.065726 seconds .

========================================================================
Received Import Request.
  Time since last request: 0.000284 seconds.
  path: Assets/FreeTestCharacterAsuna/Textures/CharacterEyes/CharacterEyesDemonicBlackAlbedo.png
  artifactKey: Guid(7b4558832dc4d4442b893e1c7e2af064) Importer(815301076,1909f56bfc062723c751e8b465ee728b)
Start importing Assets/FreeTestCharacterAsuna/Textures/CharacterEyes/CharacterEyesDemonicBlackAlbedo.png using Guid(7b4558832dc4d4442b893e1c7e2af064) Importer(815301076,1909f56bfc062723c751e8b465ee728b)  -> (artifact id: '16bca61c67dac349cf51d285ce987c6e') in 0.086895 seconds 
  Import took 0.090161 seconds .

========================================================================
Received Import Request.
  Time since last request: 0.000264 seconds.
  path: Assets/Samples/Terrain Tools/0.1.0-preview/Terrain Assets/BrushTextures/canyon03.tif
  artifactKey: Guid(00e07f21ff32c094ea64f6753fb3b542) Importer(815301076,1909f56bfc062723c751e8b465ee728b)
Start importing Assets/Samples/Terrain Tools/0.1.0-preview/Terrain Assets/BrushTextures/canyon03.tif using Guid(00e07f21ff32c094ea64f6753fb3b542) Importer(815301076,1909f56bfc062723c751e8b465ee728b)  -> (artifact id: '73776fc0c6e64996cdbd2f977fc68dcf') in 0.009723 seconds 
  Import took 0.012626 seconds .

========================================================================
Received Import Request.
  Time since last request: 0.000252 seconds.
  path: Assets/FreeTestCharacterAsuna/Textures/CharacterEyes/CharacterEyesDarkRedAlbedo.png
  artifactKey: Guid(5a0c386b62f1de3419fc77f4f3f299bc) Importer(815301076,1909f56bfc062723c751e8b465ee728b)
Start importing Assets/FreeTestCharacterAsuna/Textures/CharacterEyes/CharacterEyesDarkRedAlbedo.png using Guid(5a0c386b62f1de3419fc77f4f3f299bc) Importer(815301076,1909f56bfc062723c751e8b465ee728b)  -> (artifact id: '961fad27e794d2193600ccbdaa0ce5c3') in 0.087410 seconds 
  Import took 0.090315 seconds .

========================================================================
Received Import Request.
  Time since last request: 0.000287 seconds.
  path: Assets/FreeTestCharacterAsuna/Textures/CharacterEyes/CharacterEyesDarkBlueAlbedo.png
  artifactKey: Guid(e9c4897351322d64ab7cd6e206f9b12c) Importer(815301076,1909f56bfc062723c751e8b465ee728b)
Start importing Assets/FreeTestCharacterAsuna/Textures/CharacterEyes/CharacterEyesDarkBlueAlbedo.png using Guid(e9c4897351322d64ab7cd6e206f9b12c) Importer(815301076,1909f56bfc062723c751e8b465ee728b)  -> (artifact id: 'a7c889ba9280a4a5dba5ec4e8f74d4f3') in 0.056765 seconds 
  Import took 0.060135 seconds .

========================================================================
Received Import Request.
  Time since last request: 0.000250 seconds.
  path: Assets/FreeTestCharacterAsuna/Textures/AsunaArmor/AsunaArmorAO.png
  artifactKey: Guid(41efb4e0bcbc2db4db25f2f6b22fbdb4) Importer(815301076,1909f56bfc062723c751e8b465ee728b)
Start importing Assets/FreeTestCharacterAsuna/Textures/AsunaArmor/AsunaArmorAO.png using Guid(41efb4e0bcbc2db4db25f2f6b22fbdb4) Importer(815301076,1909f56bfc062723c751e8b465ee728b)  -> (artifact id: '225a218a5e1c72ca76fac879c0a09328') in 0.046683 seconds 
  Import took 0.049227 seconds .

========================================================================
Received Import Request.
  Time since last request: 0.000295 seconds.
  path: Assets/FreeTestCharacterAsuna/Textures/CharacterEyes/CharacterEyesDemonicRedAlbedo.png
  artifactKey: Guid(9a4bb7696c350a44a803c432aff9fb8a) Importer(815301076,1909f56bfc062723c751e8b465ee728b)
Start importing Assets/FreeTestCharacterAsuna/Textures/CharacterEyes/CharacterEyesDemonicRedAlbedo.png using Guid(9a4bb7696c350a44a803c432aff9fb8a) Importer(815301076,1909f56bfc062723c751e8b465ee728b)  -> (artifact id: '79966b5d12b250acff444999cd10a2d1') in 0.096460 seconds 
  Import took 0.100280 seconds .

========================================================================
Received Import Request.
  Time since last request: 0.000293 seconds.
  path: Assets/FreeTestCharacterAsuna/Textures/CharacterEyes/CharacterEyesBrightGreenAlbedo.png
  artifactKey: Guid(3bf51f53fe877ce49ba1e60640730da8) Importer(815301076,1909f56bfc062723c751e8b465ee728b)
Start importing Assets/FreeTestCharacterAsuna/Textures/CharacterEyes/CharacterEyesBrightGreenAlbedo.png using Guid(3bf51f53fe877ce49ba1e60640730da8) Importer(815301076,1909f56bfc062723c751e8b465ee728b)  -> (artifact id: 'c900b0e055b801cbcf35c779db5ecaff') in 0.081890 seconds 
  Import took 0.084854 seconds .

========================================================================
Received Import Request.
  Time since last request: 0.000292 seconds.
  path: Assets/FreeTestCharacterAsuna/Textures/CharacterEyes/CharacterEyesBrownIllumination.png
  artifactKey: Guid(eec8c7b627b6cb2459adb4bdca0d029a) Importer(815301076,1909f56bfc062723c751e8b465ee728b)
Start importing Assets/FreeTestCharacterAsuna/Textures/CharacterEyes/CharacterEyesBrownIllumination.png using Guid(eec8c7b627b6cb2459adb4bdca0d029a) Importer(815301076,1909f56bfc062723c751e8b465ee728b)  -> (artifact id: 'b10c044f5e8725a83b5754d354bcf60c') in 0.082505 seconds 
  Import took 0.099552 seconds .

========================================================================
Received Import Request.
  Time since last request: 0.002030 seconds.
  path: Assets/FreeTestCharacterAsuna/Textures/AsunaBody/Albedo/AsunaBodyRedAlbedo.png
  artifactKey: Guid(03782433d9844cf4a8b1dce6c721bcbc) Importer(815301076,1909f56bfc062723c751e8b465ee728b)
Start importing Assets/FreeTestCharacterAsuna/Textures/AsunaBody/Albedo/AsunaBodyRedAlbedo.png using Guid(03782433d9844cf4a8b1dce6c721bcbc) Importer(815301076,1909f56bfc062723c751e8b465ee728b)  -> (artifact id: '77e73a114354c7d0edd0ac875d6553ea') in 0.285519 seconds 
  Import took 0.289276 seconds .

========================================================================
Received Import Request.
  Time since last request: 0.000236 seconds.
  path: Assets/Samples/Terrain Tools/0.1.0-preview/Terrain Assets/BrushTextures/canyon01.tif
  artifactKey: Guid(903360ef543b50449ae74931c4fddc2c) Importer(815301076,1909f56bfc062723c751e8b465ee728b)
Start importing Assets/Samples/Terrain Tools/0.1.0-preview/Terrain Assets/BrushTextures/canyon01.tif using Guid(903360ef543b50449ae74931c4fddc2c) Importer(815301076,1909f56bfc062723c751e8b465ee728b)  -> (artifact id: '64fc799a3845f8a948bfbb4876ecae65') in 0.013425 seconds 
  Import took 0.016576 seconds .

========================================================================
Received Import Request.
  Time since last request: 0.000301 seconds.
  path: Assets/FreeTestCharacterAsuna/Textures/CharacterEyes/CharacterEyesDarkBlueIllumination.png
  artifactKey: Guid(d459da12d8f0f594bb09119dbdf4f5f1) Importer(815301076,1909f56bfc062723c751e8b465ee728b)
Start importing Assets/FreeTestCharacterAsuna/Textures/CharacterEyes/CharacterEyesDarkBlueIllumination.png using Guid(d459da12d8f0f594bb09119dbdf4f5f1) Importer(815301076,1909f56bfc062723c751e8b465ee728b)  -> (artifact id: 'bf6e2c3da6aed344608b3e7eefb59aec') in 0.085128 seconds 
  Import took 0.087848 seconds .

========================================================================
Received Import Request.
  Time since last request: 0.000239 seconds.
  path: Assets/FreeTestCharacterAsuna/Textures/CharacterEyes/CharacterEyesBrightRedAlbedo.png
  artifactKey: Guid(822b684c91d7e364890c09aad2509038) Importer(815301076,1909f56bfc062723c751e8b465ee728b)
Start importing Assets/FreeTestCharacterAsuna/Textures/CharacterEyes/CharacterEyesBrightRedAlbedo.png using Guid(822b684c91d7e364890c09aad2509038) Importer(815301076,1909f56bfc062723c751e8b465ee728b)  -> (artifact id: '5075aadf2af00f3d88fac72d6ef13651') in 0.078382 seconds 
  Import took 0.081174 seconds .

========================================================================
Received Import Request.
  Time since last request: 0.000318 seconds.
  path: Assets/FreeTestCharacterAsuna/Textures/AsunaBody/AsunaBodyNormal.png
  artifactKey: Guid(cceea214816feab4abc7f2d605d72be6) Importer(815301076,1909f56bfc062723c751e8b465ee728b)
Start importing Assets/FreeTestCharacterAsuna/Textures/AsunaBody/AsunaBodyNormal.png using Guid(cceea214816feab4abc7f2d605d72be6) Importer(815301076,1909f56bfc062723c751e8b465ee728b)  -> (artifact id: '4a03063ad81826bc4aff92a057d2ca10') in 0.026434 seconds 
  Import took 0.030847 seconds .

========================================================================
Received Import Request.
  Time since last request: 0.000253 seconds.
  path: Assets/FreeTestCharacterAsuna/Textures/AsunaBody/AsunaBodyPBRMetalness.tga
  artifactKey: Guid(da8056cf855d7bd4d90168a1f4ca22e5) Importer(815301076,1909f56bfc062723c751e8b465ee728b)
Start importing Assets/FreeTestCharacterAsuna/Textures/AsunaBody/AsunaBodyPBRMetalness.tga using Guid(da8056cf855d7bd4d90168a1f4ca22e5) Importer(815301076,1909f56bfc062723c751e8b465ee728b)  -> (artifact id: 'cda3193d5209ec7e4b2d12082bb049bc') in 0.026887 seconds 
  Import took 0.031196 seconds .

========================================================================
Received Import Request.
  Time since last request: 0.000322 seconds.
  path: Assets/FreeTestCharacterAsuna/Textures/AsunaHead/AsunaHeadDiffuse.png
  artifactKey: Guid(bff0d4631194d704a9dc5756cdc0f86a) Importer(815301076,1909f56bfc062723c751e8b465ee728b)
Start importing Assets/FreeTestCharacterAsuna/Textures/AsunaHead/AsunaHeadDiffuse.png using Guid(bff0d4631194d704a9dc5756cdc0f86a) Importer(815301076,1909f56bfc062723c751e8b465ee728b)  -> (artifact id: 'a01e1f934ea2670e9afcab6772c8b717') in 0.019496 seconds 
  Import took 0.023148 seconds .

========================================================================
Received Import Request.
  Time since last request: 0.000318 seconds.
  path: Assets/FreeTestCharacterAsuna/Textures/AsunaBody/AsunaBodyIllumination.png
  artifactKey: Guid(63988c519a1c1be449cbf909e3f49f99) Importer(815301076,1909f56bfc062723c751e8b465ee728b)
Start importing Assets/FreeTestCharacterAsuna/Textures/AsunaBody/AsunaBodyIllumination.png using Guid(63988c519a1c1be449cbf909e3f49f99) Importer(815301076,1909f56bfc062723c751e8b465ee728b)  -> (artifact id: 'd9f4e0e45d8dcd38b3d66da80263535d') in 0.020475 seconds 
  Import took 0.024335 seconds .

========================================================================
Received Import Request.
  Time since last request: 0.000348 seconds.
  path: Assets/FreeTestCharacterAsuna/Textures/CharacterEyes/CharacterEyesDarkGreenAlbedo.png
  artifactKey: Guid(65e2434b9f7ef8042b7430cf6b58b2fa) Importer(815301076,1909f56bfc062723c751e8b465ee728b)
Start importing Assets/FreeTestCharacterAsuna/Textures/CharacterEyes/CharacterEyesDarkGreenAlbedo.png using Guid(65e2434b9f7ef8042b7430cf6b58b2fa) Importer(815301076,1909f56bfc062723c751e8b465ee728b)  -> (artifact id: '1346cb40ea6b68f394968a7dce2e0637') in 0.070771 seconds 
  Import took 0.073481 seconds .

========================================================================
Received Import Request.
  Time since last request: 0.000217 seconds.
  path: Assets/Samples/Terrain Tools/0.1.0-preview/Terrain Assets/TerrainTextures/dirt_mask.tif
  artifactKey: Guid(3c6d7b80bcc59ae448166eacd4ad79b0) Importer(815301076,1909f56bfc062723c751e8b465ee728b)
Start importing Assets/Samples/Terrain Tools/0.1.0-preview/Terrain Assets/TerrainTextures/dirt_mask.tif using Guid(3c6d7b80bcc59ae448166eacd4ad79b0) Importer(815301076,1909f56bfc062723c751e8b465ee728b)  -> (artifact id: '01cb335e29c407f59d0ca41fe24ca384') in 0.012813 seconds 
  Import took 0.015659 seconds .

========================================================================
Received Import Request.
  Time since last request: 0.000241 seconds.
  path: Assets/FreeTestCharacterAsuna/Textures/AsunaBody/AsunaBodyAO.png
  artifactKey: Guid(1f024d0be47100649b6fd944976184d4) Importer(815301076,1909f56bfc062723c751e8b465ee728b)
Start importing Assets/FreeTestCharacterAsuna/Textures/AsunaBody/AsunaBodyAO.png using Guid(1f024d0be47100649b6fd944976184d4) Importer(815301076,1909f56bfc062723c751e8b465ee728b)  -> (artifact id: 'fd48d212d897f44f37f2c52ad64be258') in 0.022143 seconds 
  Import took 0.026036 seconds .

========================================================================
Received Import Request.
  Time since last request: 0.000269 seconds.
  path: Assets/FreeTestCharacterAsuna/Textures/CharacterEyes/CharacterEyesBrightGreenIllumination.png
  artifactKey: Guid(f2cfc5401606e6b4ab2d17aab0beae5f) Importer(815301076,1909f56bfc062723c751e8b465ee728b)
Start importing Assets/FreeTestCharacterAsuna/Textures/CharacterEyes/CharacterEyesBrightGreenIllumination.png using Guid(f2cfc5401606e6b4ab2d17aab0beae5f) Importer(815301076,1909f56bfc062723c751e8b465ee728b)  -> (artifact id: '1b79984b253e17d59a89976f908e7504') in 0.068715 seconds 
  Import took 0.071418 seconds .

========================================================================
Received Import Request.
  Time since last request: 0.000246 seconds.
  path: Assets/FreeTestCharacterAsuna/Textures/CharacterEyes/CharacterEyesDarkBlueBrightAlbedo.png
  artifactKey: Guid(79a4dc236385404468c10c41fbf6b7b9) Importer(815301076,1909f56bfc062723c751e8b465ee728b)
Start importing Assets/FreeTestCharacterAsuna/Textures/CharacterEyes/CharacterEyesDarkBlueBrightAlbedo.png using Guid(79a4dc236385404468c10c41fbf6b7b9) Importer(815301076,1909f56bfc062723c751e8b465ee728b)  -> (artifact id: '2b870359dc07a1f22d6e3ea46af4e888') in 0.080711 seconds 
  Import took 0.083312 seconds .

========================================================================
Received Import Request.
  Time since last request: 0.000306 seconds.
  path: Assets/Samples/Terrain Tools/0.1.0-preview/Terrain Assets/BrushTextures/canyon04.tif
  artifactKey: Guid(fd3a283142a57bd4aa8029f5e0705fc5) Importer(815301076,1909f56bfc062723c751e8b465ee728b)
Start importing Assets/Samples/Terrain Tools/0.1.0-preview/Terrain Assets/BrushTextures/canyon04.tif using Guid(fd3a283142a57bd4aa8029f5e0705fc5) Importer(815301076,1909f56bfc062723c751e8b465ee728b)  -> (artifact id: '1ade072f9c734985b44c73df6d4c5807') in 0.009638 seconds 
  Import took 0.021733 seconds .

========================================================================
Received Import Request.
  Time since last request: 0.000255 seconds.
  path: Assets/FreeTestCharacterAsuna/Textures/AsunaArmor/AsunaArmorAlbedo.png
  artifactKey: Guid(3d22562a700bd6c43b94dbd9df1cc259) Importer(815301076,1909f56bfc062723c751e8b465ee728b)
Start importing Assets/FreeTestCharacterAsuna/Textures/AsunaArmor/AsunaArmorAlbedo.png using Guid(3d22562a700bd6c43b94dbd9df1cc259) Importer(815301076,1909f56bfc062723c751e8b465ee728b)  -> (artifact id: '6bdab773fe46f20a41bfc2a8412548f2') in 0.011310 seconds 
  Import took 0.014250 seconds .

========================================================================
Received Import Request.
  Time since last request: 13.800259 seconds.
  path: Assets/Samples/Terrain Tools/0.1.0-preview/Terrain Assets/TerrainTextures/snow_albedo.tif
  artifactKey: Guid(0cc0777f7d4a3444380eb084d74396b5) Importer(815301076,1909f56bfc062723c751e8b465ee728b)
Start importing Assets/Samples/Terrain Tools/0.1.0-preview/Terrain Assets/TerrainTextures/snow_albedo.tif using Guid(0cc0777f7d4a3444380eb084d74396b5) Importer(815301076,1909f56bfc062723c751e8b465ee728b)  -> (artifact id: 'a4b2c8fc8b1bd34086ab7918dd8eb746') in 0.031180 seconds 
  Import took 0.034186 seconds .

========================================================================
Received Import Request.
  Time since last request: 0.144239 seconds.
  path: Assets/Samples/Terrain Tools/0.1.0-preview/Terrain Assets/TerrainTextures/snow_albedo.tif
  artifactKey: Guid(0cc0777f7d4a3444380eb084d74396b5) Importer(815301076,1909f56bfc062723c751e8b465ee728b)
Start importing Assets/Samples/Terrain Tools/0.1.0-preview/Terrain Assets/TerrainTextures/snow_albedo.tif using Guid(0cc0777f7d4a3444380eb084d74396b5) Importer(815301076,1909f56bfc062723c751e8b465ee728b)  -> (artifact id: 'a4b2c8fc8b1bd34086ab7918dd8eb746') in 0.013908 seconds 
  Import took 0.016891 seconds .

========================================================================
Received Import Request.
  Time since last request: 7.737235 seconds.
  path: Assets/Samples/Terrain Tools/0.1.0-preview/Terrain Assets/TerrainLayers/snow.terrainlayer
  artifactKey: Guid(34a7124a250b6314f803cba5555e7faa) Importer(815301076,1909f56bfc062723c751e8b465ee728b)
Start importing Assets/Samples/Terrain Tools/0.1.0-preview/Terrain Assets/TerrainLayers/snow.terrainlayer using Guid(34a7124a250b6314f803cba5555e7faa) Importer(815301076,1909f56bfc062723c751e8b465ee728b)  -> (artifact id: '06cb9e8130df21d7165451daeafad5e6') in 0.011257 seconds 
  Import took 0.014824 seconds .

========================================================================
Received Import Request.
  Time since last request: 0.005920 seconds.
  path: Assets/Samples/Terrain Tools/0.1.0-preview/Terrain Assets/TerrainLayers/snow.terrainlayer
  artifactKey: Guid(34a7124a250b6314f803cba5555e7faa) Importer(815301076,1909f56bfc062723c751e8b465ee728b)
Start importing Assets/Samples/Terrain Tools/0.1.0-preview/Terrain Assets/TerrainLayers/snow.terrainlayer using Guid(34a7124a250b6314f803cba5555e7faa) Importer(815301076,1909f56bfc062723c751e8b465ee728b)  -> (artifact id: '06cb9e8130df21d7165451daeafad5e6') in 0.010358 seconds 
  Import took 0.013372 seconds .

========================================================================
Received Import Request.
  Time since last request: 4.792725 seconds.
  path: Assets/FreeTestCharacterAsuna/Textures/CharacterEyes/CharacterEyesDiffuse.png
  artifactKey: Guid(c7a026fbc5d08be4eb6243dcdf6299c3) Importer(815301076,1909f56bfc062723c751e8b465ee728b)
Start importing Assets/FreeTestCharacterAsuna/Textures/CharacterEyes/CharacterEyesDiffuse.png using Guid(c7a026fbc5d08be4eb6243dcdf6299c3) Importer(815301076,1909f56bfc062723c751e8b465ee728b)  -> (artifact id: '3571853252580240fe11a1c61acc3226') in 0.102759 seconds 
  Import took 0.105953 seconds .

========================================================================
Received Import Request.
  Time since last request: 0.000371 seconds.
  path: Assets/FreeTestCharacterAsuna/Textures/CharacterEyes/CharacterEyesGreyIllumination.png
  artifactKey: Guid(2143f67d1478e2d4393e9426655c9a28) Importer(815301076,1909f56bfc062723c751e8b465ee728b)
Start importing Assets/FreeTestCharacterAsuna/Textures/CharacterEyes/CharacterEyesGreyIllumination.png using Guid(2143f67d1478e2d4393e9426655c9a28) Importer(815301076,1909f56bfc062723c751e8b465ee728b)  -> (artifact id: '852901a4310c09dd75098a25cfa4a345') in 0.106548 seconds 
  Import took 0.109002 seconds .

========================================================================
Received Import Request.
  Time since last request: 0.000322 seconds.
  path: Assets/FreeTestCharacterAsuna/Textures/CharacterEyes/CharacterEyesPurpleIllumination.png
  artifactKey: Guid(aa2bf1979453a904db217f9a93122dc0) Importer(815301076,1909f56bfc062723c751e8b465ee728b)
Start importing Assets/FreeTestCharacterAsuna/Textures/CharacterEyes/CharacterEyesPurpleIllumination.png using Guid(aa2bf1979453a904db217f9a93122dc0) Importer(815301076,1909f56bfc062723c751e8b465ee728b)  -> (artifact id: '1c820d4217acd80fafa2ab7d766f2258') in 0.076828 seconds 
  Import took 0.079328 seconds .

========================================================================
Received Import Request.
  Time since last request: 0.000327 seconds.
  path: Assets/FreeTestCharacterAsuna/Textures/CharacterStandardAmmunition/CharacterStandardAmmunitionAlbedo.png
  artifactKey: Guid(ebfa0f2c5569bff45be8d6fa5e1910d5) Importer(815301076,1909f56bfc062723c751e8b465ee728b)
Start importing Assets/FreeTestCharacterAsuna/Textures/CharacterStandardAmmunition/CharacterStandardAmmunitionAlbedo.png using Guid(ebfa0f2c5569bff45be8d6fa5e1910d5) Importer(815301076,1909f56bfc062723c751e8b465ee728b)  -> (artifact id: 'c1ba135084ebbbb1297f2fd878d74ce8') in 0.025554 seconds 
  Import took 0.028172 seconds .

========================================================================
Received Import Request.
  Time since last request: 0.000383 seconds.
  path: Assets/FreeTestCharacterAsuna/Textures/CharacterEyes/CharacterEyesYellowGreenIllumination.png
  artifactKey: Guid(85939b2f46e3b454d958ff1c5ed9106d) Importer(815301076,1909f56bfc062723c751e8b465ee728b)
Start importing Assets/FreeTestCharacterAsuna/Textures/CharacterEyes/CharacterEyesYellowGreenIllumination.png using Guid(85939b2f46e3b454d958ff1c5ed9106d) Importer(815301076,1909f56bfc062723c751e8b465ee728b)  -> (artifact id: 'dc5fe08e43820490c1bea9283d80a9a0') in 0.094556 seconds 
  Import took 0.098056 seconds .

========================================================================
Received Import Request.
  Time since last request: 0.000274 seconds.
  path: Assets/FreeTestCharacterAsuna/Textures/CharacterStandardEquipment/CharacterStandardEquipmentAO.png
  artifactKey: Guid(b317f2b6ed887a84bb02171290bb715e) Importer(815301076,1909f56bfc062723c751e8b465ee728b)
Start importing Assets/FreeTestCharacterAsuna/Textures/CharacterStandardEquipment/CharacterStandardEquipmentAO.png using Guid(b317f2b6ed887a84bb02171290bb715e) Importer(815301076,1909f56bfc062723c751e8b465ee728b)  -> (artifact id: 'c08a4ab7094332c7c10492887c4cb2e6') in 0.018818 seconds 
  Import took 0.022182 seconds .

========================================================================
Received Import Request.
  Time since last request: 0.000347 seconds.
  path: Assets/FreeTestCharacterAsuna/Textures/CharacterEyes/CharacterEyesYellowGreenAlbedo.png
  artifactKey: Guid(e44b28aea2cf7eb46b737a03a9639a33) Importer(815301076,1909f56bfc062723c751e8b465ee728b)
Start importing Assets/FreeTestCharacterAsuna/Textures/CharacterEyes/CharacterEyesYellowGreenAlbedo.png using Guid(e44b28aea2cf7eb46b737a03a9639a33) Importer(815301076,1909f56bfc062723c751e8b465ee728b)  -> (artifact id: '9bc18cc1dc723241e553c1d2bd7baac5') in 0.074321 seconds 
  Import took 0.077591 seconds .

========================================================================
Received Import Request.
  Time since last request: 0.000315 seconds.
  path: Assets/FreeTestCharacterAsuna/Textures/CharacterStandardEquipment/CharacterStandardEquipmentNormal.png
  artifactKey: Guid(7d1dc0f269807d549a15ce787bb63b23) Importer(815301076,1909f56bfc062723c751e8b465ee728b)
Start importing Assets/FreeTestCharacterAsuna/Textures/CharacterStandardEquipment/CharacterStandardEquipmentNormal.png using Guid(7d1dc0f269807d549a15ce787bb63b23) Importer(815301076,1909f56bfc062723c751e8b465ee728b)  -> (artifact id: '7f6ea82522f1d67254d176dc55708173') in 0.023840 seconds 
  Import took 0.028095 seconds .

========================================================================
Received Import Request.
  Time since last request: 0.000324 seconds.
  path: Assets/FreeTestCharacterAsuna/Textures/CharacterEyes/CharacterEyesGreyAlbedo.png
  artifactKey: Guid(622fa7e14ff53cf438ff0c03869b3f78) Importer(815301076,1909f56bfc062723c751e8b465ee728b)
Start importing Assets/FreeTestCharacterAsuna/Textures/CharacterEyes/CharacterEyesGreyAlbedo.png using Guid(622fa7e14ff53cf438ff0c03869b3f78) Importer(815301076,1909f56bfc062723c751e8b465ee728b)  -> (artifact id: '6a62362e25aee00a6d830aa14059b258') in 0.060992 seconds 
  Import took 0.063732 seconds .

========================================================================
Received Import Request.
  Time since last request: 0.000535 seconds.
  path: Assets/FreeTestCharacterAsuna/Textures/CharacterStandardAmmunition/CharacterStandardAmmunitionNormal.png
  artifactKey: Guid(141b9f657d3ab474ba18678510e7a230) Importer(815301076,1909f56bfc062723c751e8b465ee728b)
Start importing Assets/FreeTestCharacterAsuna/Textures/CharacterStandardAmmunition/CharacterStandardAmmunitionNormal.png using Guid(141b9f657d3ab474ba18678510e7a230) Importer(815301076,1909f56bfc062723c751e8b465ee728b)  -> (artifact id: 'c28c4baef1f82fdde05272ce66e8e021') in 0.010132 seconds 
  Import took 0.014017 seconds .

========================================================================
Received Import Request.
  Time since last request: 0.000314 seconds.
  path: Assets/FreeTestCharacterAsuna/Textures/CharacterEyes/CharacterEyesYellowAlbedo.png
  artifactKey: Guid(af00ef372ff963a4593c7293dde54aa6) Importer(815301076,1909f56bfc062723c751e8b465ee728b)
Start importing Assets/FreeTestCharacterAsuna/Textures/CharacterEyes/CharacterEyesYellowAlbedo.png using Guid(af00ef372ff963a4593c7293dde54aa6) Importer(815301076,1909f56bfc062723c751e8b465ee728b)  -> (artifact id: 'e022e8072e8bca027520a35ec76c143b') in 0.062743 seconds 
  Import took 0.065598 seconds .

========================================================================
Received Import Request.
  Time since last request: 0.000289 seconds.
  path: Assets/FreeTestCharacterAsuna/Textures/CharacterEyes/CharacterEyesPBRMetalness.tga
  artifactKey: Guid(513839caf6b7405458b1a553b46edf4b) Importer(815301076,1909f56bfc062723c751e8b465ee728b)
Start importing Assets/FreeTestCharacterAsuna/Textures/CharacterEyes/CharacterEyesPBRMetalness.tga using Guid(513839caf6b7405458b1a553b46edf4b) Importer(815301076,1909f56bfc062723c751e8b465ee728b)  -> (artifact id: '04cd07992cae40685325e35ef150f764') in 0.008759 seconds 
  Import took 0.011403 seconds .

========================================================================
Received Import Request.
  Time since last request: 0.000304 seconds.
  path: Assets/FreeTestCharacterAsuna/Textures/CharacterEyes/CharacterEyesTurquoiseIllumination.png
  artifactKey: Guid(3f0bd943822c0944b9a3ef9fc7035f15) Importer(815301076,1909f56bfc062723c751e8b465ee728b)
Start importing Assets/FreeTestCharacterAsuna/Textures/CharacterEyes/CharacterEyesTurquoiseIllumination.png using Guid(3f0bd943822c0944b9a3ef9fc7035f15) Importer(815301076,1909f56bfc062723c751e8b465ee728b)  -> (artifact id: 'e1e9c222e74011cb2b61f74f79ff7741') in 0.010873 seconds 
  Import took 0.013983 seconds .

========================================================================
Received Import Request.
  Time since last request: 0.000366 seconds.
  path: Assets/FreeTestCharacterAsuna/Textures/CharacterEyes/CharacterEyesLightGreenIllumination.png
  artifactKey: Guid(89b80e79bbf18f447982cfeeded3fea6) Importer(815301076,1909f56bfc062723c751e8b465ee728b)
Start importing Assets/FreeTestCharacterAsuna/Textures/CharacterEyes/CharacterEyesLightGreenIllumination.png using Guid(89b80e79bbf18f447982cfeeded3fea6) Importer(815301076,1909f56bfc062723c751e8b465ee728b)  -> (artifact id: '4602b58d6e657ba5896b35ed4c8bc3d3') in 0.069787 seconds 
  Import took 0.072356 seconds .

========================================================================
Received Import Request.
  Time since last request: 0.000281 seconds.
  path: Assets/FreeTestCharacterAsuna/Textures/CharacterEyes/CharacterEyesLightGreenAlbedo.png
  artifactKey: Guid(213215b8b47d51f4b9f91755b028199f) Importer(815301076,1909f56bfc062723c751e8b465ee728b)
Start importing Assets/FreeTestCharacterAsuna/Textures/CharacterEyes/CharacterEyesLightGreenAlbedo.png using Guid(213215b8b47d51f4b9f91755b028199f) Importer(815301076,1909f56bfc062723c751e8b465ee728b)  -> (artifact id: 'd7eceb4df2f3990436e172dae8b90439') in 0.072590 seconds 
  Import took 0.075089 seconds .

========================================================================
Received Import Request.
  Time since last request: 0.000269 seconds.
  path: Assets/FreeTestCharacterAsuna/Textures/CharacterEyes/CharacterEyesYellowIllumination.png
  artifactKey: Guid(57d651a47a7dccb45b4b0c2f908cd3c1) Importer(815301076,1909f56bfc062723c751e8b465ee728b)
Start importing Assets/FreeTestCharacterAsuna/Textures/CharacterEyes/CharacterEyesYellowIllumination.png using Guid(57d651a47a7dccb45b4b0c2f908cd3c1) Importer(815301076,1909f56bfc062723c751e8b465ee728b)  -> (artifact id: 'af99ae7f4fb1eabd552681b1bdda2809') in 0.180072 seconds 
  Import took 0.182802 seconds .

========================================================================
Received Import Request.
  Time since last request: 0.000359 seconds.
  path: Assets/FreeTestCharacterAsuna/Textures/CharacterStandardEquipment/CharacterStandardEquipmentPBRMetalness.tga
  artifactKey: Guid(ce356c029190399409f27adf3e5dd889) Importer(815301076,1909f56bfc062723c751e8b465ee728b)
Start importing Assets/FreeTestCharacterAsuna/Textures/CharacterStandardEquipment/CharacterStandardEquipmentPBRMetalness.tga using Guid(ce356c029190399409f27adf3e5dd889) Importer(815301076,1909f56bfc062723c751e8b465ee728b)  -> (artifact id: '594af20db689eb87acf326ff060a24ad') in 0.029189 seconds 
  Import took 0.034024 seconds .

========================================================================
Received Import Request.
  Time since last request: 0.000225 seconds.
  path: Assets/Samples/Terrain Tools/0.1.0-preview/Terrain Assets/BrushTextures/cracked_earth02.tif
  artifactKey: Guid(ce389a44803b703498159190bc7d48af) Importer(815301076,1909f56bfc062723c751e8b465ee728b)
Start importing Assets/Samples/Terrain Tools/0.1.0-preview/Terrain Assets/BrushTextures/cracked_earth02.tif using Guid(ce389a44803b703498159190bc7d48af) Importer(815301076,1909f56bfc062723c751e8b465ee728b)  -> (artifact id: '9eb5fb8c6287bdbdd6d3faf9e28a2477') in 0.049679 seconds 
  Import took 0.052912 seconds .

========================================================================
Received Import Request.
  Time since last request: 0.000287 seconds.
  path: Assets/FreeTestCharacterAsuna/Textures/CharacterEyes/CharacterEyesPurpleAlbedo.png
  artifactKey: Guid(4b13d643b3cd96e4eb3421d3d778809b) Importer(815301076,1909f56bfc062723c751e8b465ee728b)
Start importing Assets/FreeTestCharacterAsuna/Textures/CharacterEyes/CharacterEyesPurpleAlbedo.png using Guid(4b13d643b3cd96e4eb3421d3d778809b) Importer(815301076,1909f56bfc062723c751e8b465ee728b)  -> (artifact id: '33a3f2625da6553dcebb0c8bf5e2d508') in 0.078815 seconds 
  Import took 0.081335 seconds .

========================================================================
Received Import Request.
  Time since last request: 0.000307 seconds.
  path: Assets/FreeTestCharacterAsuna/Textures/CharacterEyes/CharacterEyesTurquoiseAlbedo.png
  artifactKey: Guid(293e73d6e5e61c34f823b572028cfeca) Importer(815301076,1909f56bfc062723c751e8b465ee728b)
Start importing Assets/FreeTestCharacterAsuna/Textures/CharacterEyes/CharacterEyesTurquoiseAlbedo.png using Guid(293e73d6e5e61c34f823b572028cfeca) Importer(815301076,1909f56bfc062723c751e8b465ee728b)  -> (artifact id: 'e2aabac053c6f6ce98f9f0b77d12602a') in 0.009348 seconds 
  Import took 0.011851 seconds .

========================================================================
Received Import Request.
  Time since last request: 0.000324 seconds.
  path: Assets/Samples/Terrain Tools/0.1.0-preview/Terrain Assets/BrushTextures/cracked_earth01.tif
  artifactKey: Guid(fc6089e3bffbdc9489980dbed57a64f6) Importer(815301076,1909f56bfc062723c751e8b465ee728b)
Start importing Assets/Samples/Terrain Tools/0.1.0-preview/Terrain Assets/BrushTextures/cracked_earth01.tif using Guid(fc6089e3bffbdc9489980dbed57a64f6) Importer(815301076,1909f56bfc062723c751e8b465ee728b)  -> (artifact id: '2af4ea581003bd1541b1cb66729ba928') in 0.011253 seconds 
  Import took 0.014484 seconds .

========================================================================
Received Import Request.
  Time since last request: 0.000303 seconds.
  path: Assets/Samples/Terrain Tools/0.1.0-preview/Terrain Assets/BrushTextures/clouds.tif
  artifactKey: Guid(791ebe8a3d329b34ca7dc4616ec3cd34) Importer(815301076,1909f56bfc062723c751e8b465ee728b)
Start importing Assets/Samples/Terrain Tools/0.1.0-preview/Terrain Assets/BrushTextures/clouds.tif using Guid(791ebe8a3d329b34ca7dc4616ec3cd34) Importer(815301076,1909f56bfc062723c751e8b465ee728b)  -> (artifact id: '215f2f7ef64e6c0d0519a67084e569e4') in 0.011506 seconds 
  Import took 0.014216 seconds .

========================================================================
Received Import Request.
  Time since last request: 0.000678 seconds.
  path: Assets/FreeTestCharacterAsuna/Textures/CharacterStandardEquipment/CharacterStandardEquipmentAlbedo.png
  artifactKey: Guid(9f7d82f187a0de44f93594eccabb2bc7) Importer(815301076,1909f56bfc062723c751e8b465ee728b)
Start importing Assets/FreeTestCharacterAsuna/Textures/CharacterStandardEquipment/CharacterStandardEquipmentAlbedo.png using Guid(9f7d82f187a0de44f93594eccabb2bc7) Importer(815301076,1909f56bfc062723c751e8b465ee728b)  -> (artifact id: 'c9eee97e2744ebb3766d8f5c4bb78e64') in 0.054580 seconds 
  Import took 0.057844 seconds .

========================================================================
Received Import Request.
  Time since last request: 0.000292 seconds.
  path: Assets/FreeTestCharacterAsuna/Textures/CharacterStandardAmmunition/CharacterStandardAmmunitionPBRMetalness.tga
  artifactKey: Guid(ef6323ef0380e444ea96a3f38fd9be92) Importer(815301076,1909f56bfc062723c751e8b465ee728b)
Start importing Assets/FreeTestCharacterAsuna/Textures/CharacterStandardAmmunition/CharacterStandardAmmunitionPBRMetalness.tga using Guid(ef6323ef0380e444ea96a3f38fd9be92) Importer(815301076,1909f56bfc062723c751e8b465ee728b)  -> (artifact id: '20c0d2a4c5f57251558ed09498fbb435') in 0.009764 seconds 
  Import took 0.012377 seconds .

========================================================================
Received Import Request.
  Time since last request: 0.000270 seconds.
  path: Assets/FreeTestCharacterAsuna/Textures/CharacterStandardAmmunition/CharacterStandardAmmunitionAO.png
  artifactKey: Guid(ddc8de5fc96cb3e46955f005d2959ab1) Importer(815301076,1909f56bfc062723c751e8b465ee728b)
Start importing Assets/FreeTestCharacterAsuna/Textures/CharacterStandardAmmunition/CharacterStandardAmmunitionAO.png using Guid(ddc8de5fc96cb3e46955f005d2959ab1) Importer(815301076,1909f56bfc062723c751e8b465ee728b)  -> (artifact id: 'cfa110a5eb105ca8d968d5f7b293414c') in 0.011861 seconds 
  Import took 0.014906 seconds .

========================================================================
Received Import Request.
  Time since last request: 5.262963 seconds.
  path: Assets/Samples/Terrain Tools/0.1.0-preview/Terrain Assets/TerrainTextures/sand_albedo.tif
  artifactKey: Guid(6bcc65b7c6e3a0b448d7801bfc56842f) Importer(815301076,1909f56bfc062723c751e8b465ee728b)
Start importing Assets/Samples/Terrain Tools/0.1.0-preview/Terrain Assets/TerrainTextures/sand_albedo.tif using Guid(6bcc65b7c6e3a0b448d7801bfc56842f) Importer(815301076,1909f56bfc062723c751e8b465ee728b)  -> (artifact id: '3a78acccc289b2c64909a166ce6f15d5') in 0.041743 seconds 
  Import took 0.045724 seconds .

========================================================================
Received Import Request.
  Time since last request: 10.338603 seconds.
  path: Assets/Samples/Terrain Tools/0.1.0-preview/Terrain Assets/TerrainLayers/sand.terrainlayer
  artifactKey: Guid(aa7afa2eb72909e4d8083508573d955f) Importer(815301076,1909f56bfc062723c751e8b465ee728b)
Start importing Assets/Samples/Terrain Tools/0.1.0-preview/Terrain Assets/TerrainLayers/sand.terrainlayer using Guid(aa7afa2eb72909e4d8083508573d955f) Importer(815301076,1909f56bfc062723c751e8b465ee728b)  -> (artifact id: '767bc8a60cf0a8bc666718793873dfe8') in 0.013664 seconds 
  Import took 0.016930 seconds .

========================================================================
Received Import Request.
  Time since last request: 0.002439 seconds.
  path: Assets/Samples/Terrain Tools/0.1.0-preview/Terrain Assets/TerrainLayers/sand.terrainlayer
  artifactKey: Guid(aa7afa2eb72909e4d8083508573d955f) Importer(815301076,1909f56bfc062723c751e8b465ee728b)
Start importing Assets/Samples/Terrain Tools/0.1.0-preview/Terrain Assets/TerrainLayers/sand.terrainlayer using Guid(aa7afa2eb72909e4d8083508573d955f) Importer(815301076,1909f56bfc062723c751e8b465ee728b)  -> (artifact id: '767bc8a60cf0a8bc666718793873dfe8') in 0.013407 seconds 
  Import took 0.016255 seconds .

========================================================================
Received Import Request.
  Time since last request: 1.618037 seconds.
  path: Assets/Samples/Terrain Tools/0.1.0-preview/Terrain Assets/TerrainTextures/sand_normal.tif
  artifactKey: Guid(dd1ad706663683546b665fd5b0286bbd) Importer(815301076,1909f56bfc062723c751e8b465ee728b)
Start importing Assets/Samples/Terrain Tools/0.1.0-preview/Terrain Assets/TerrainTextures/sand_normal.tif using Guid(dd1ad706663683546b665fd5b0286bbd) Importer(815301076,1909f56bfc062723c751e8b465ee728b)  -> (artifact id: '63707614dd49e5983a2e9e7c7ca675f8') in 0.013922 seconds 
  Import took 0.016996 seconds .

========================================================================
Received Import Request.
  Time since last request: 0.000326 seconds.
  path: Assets/Samples/Terrain Tools/0.1.0-preview/Terrain Assets/TerrainTextures/sand_mask.tif
  artifactKey: Guid(58a4a6310bd23844bae88d82f7916059) Importer(815301076,1909f56bfc062723c751e8b465ee728b)
Start importing Assets/Samples/Terrain Tools/0.1.0-preview/Terrain Assets/TerrainTextures/sand_mask.tif using Guid(58a4a6310bd23844bae88d82f7916059) Importer(815301076,1909f56bfc062723c751e8b465ee728b)  -> (artifact id: '9c3927da245dd6de433e513c7616b34c') in 0.011114 seconds 
  Import took 0.014295 seconds .

========================================================================
Received Import Request.
  Time since last request: 0.000358 seconds.
  path: Assets/Samples/Terrain Tools/0.1.0-preview/Terrain Assets/TerrainTextures/sand_normal.tif
  artifactKey: Guid(dd1ad706663683546b665fd5b0286bbd) Importer(815301076,1909f56bfc062723c751e8b465ee728b)
Start importing Assets/Samples/Terrain Tools/0.1.0-preview/Terrain Assets/TerrainTextures/sand_normal.tif using Guid(dd1ad706663683546b665fd5b0286bbd) Importer(815301076,1909f56bfc062723c751e8b465ee728b)  -> (artifact id: '63707614dd49e5983a2e9e7c7ca675f8') in 0.011089 seconds 
  Import took 0.013714 seconds .

========================================================================
Received Import Request.
  Time since last request: 0.000328 seconds.
  path: Assets/Samples/Terrain Tools/0.1.0-preview/Terrain Assets/TerrainTextures/sand_mask.tif
  artifactKey: Guid(58a4a6310bd23844bae88d82f7916059) Importer(815301076,1909f56bfc062723c751e8b465ee728b)
Start importing Assets/Samples/Terrain Tools/0.1.0-preview/Terrain Assets/TerrainTextures/sand_mask.tif using Guid(58a4a6310bd23844bae88d82f7916059) Importer(815301076,1909f56bfc062723c751e8b465ee728b)  -> (artifact id: '9c3927da245dd6de433e513c7616b34c') in 0.012557 seconds 
  Import took 0.015603 seconds .

========================================================================
Received Import Request.
  Time since last request: 49.434058 seconds.
  path: Assets/Samples/Terrain Tools/0.1.0-preview/Terrain Assets/TerrainTextures/moss_albedo.tif
  artifactKey: Guid(43b54d39e0a4c4d47bef645abec127f1) Importer(815301076,1909f56bfc062723c751e8b465ee728b)
Start importing Assets/Samples/Terrain Tools/0.1.0-preview/Terrain Assets/TerrainTextures/moss_albedo.tif using Guid(43b54d39e0a4c4d47bef645abec127f1) Importer(815301076,1909f56bfc062723c751e8b465ee728b)  -> (artifact id: '19ac9f3d0f056fe387986a04b4767f66') in 0.063403 seconds 
  Import took 0.065996 seconds .

========================================================================
Received Import Request.
  Time since last request: 7.251053 seconds.
  path: Assets/Samples/Terrain Tools/0.1.0-preview/Terrain Assets/TerrainLayers/moss.terrainlayer
  artifactKey: Guid(56b2820651de357459e8d89d2b4f3f05) Importer(815301076,1909f56bfc062723c751e8b465ee728b)
Start importing Assets/Samples/Terrain Tools/0.1.0-preview/Terrain Assets/TerrainLayers/moss.terrainlayer using Guid(56b2820651de357459e8d89d2b4f3f05) Importer(815301076,1909f56bfc062723c751e8b465ee728b)  -> (artifact id: 'fd52f63c08d34910ec8ab6035ba689e3') in 0.051832 seconds 
  Import took 0.054873 seconds .

========================================================================
Received Import Request.
  Time since last request: 0.000264 seconds.
  path: Assets/Samples/Terrain Tools/0.1.0-preview/Terrain Assets/TerrainTextures/moss_normal.tif
  artifactKey: Guid(67a70a78d678fb649b5c703cd7dc85c1) Importer(815301076,1909f56bfc062723c751e8b465ee728b)
Start importing Assets/Samples/Terrain Tools/0.1.0-preview/Terrain Assets/TerrainTextures/moss_normal.tif using Guid(67a70a78d678fb649b5c703cd7dc85c1) Importer(815301076,1909f56bfc062723c751e8b465ee728b)  -> (artifact id: 'a6256ce5f768699838c575292b3af463') in 0.012930 seconds 
  Import took 0.015523 seconds .

========================================================================
Received Import Request.
  Time since last request: 0.000294 seconds.
  path: Assets/Samples/Terrain Tools/0.1.0-preview/Terrain Assets/TerrainLayers/moss.terrainlayer
  artifactKey: Guid(56b2820651de357459e8d89d2b4f3f05) Importer(815301076,1909f56bfc062723c751e8b465ee728b)
Start importing Assets/Samples/Terrain Tools/0.1.0-preview/Terrain Assets/TerrainLayers/moss.terrainlayer using Guid(56b2820651de357459e8d89d2b4f3f05) Importer(815301076,1909f56bfc062723c751e8b465ee728b)  -> (artifact id: 'fd52f63c08d34910ec8ab6035ba689e3') in 0.013378 seconds 
  Import took 0.016400 seconds .

========================================================================
Received Import Request.
  Time since last request: 0.000298 seconds.
  path: Assets/Samples/Terrain Tools/0.1.0-preview/Terrain Assets/TerrainTextures/moss_normal.tif
  artifactKey: Guid(67a70a78d678fb649b5c703cd7dc85c1) Importer(815301076,1909f56bfc062723c751e8b465ee728b)
Start importing Assets/Samples/Terrain Tools/0.1.0-preview/Terrain Assets/TerrainTextures/moss_normal.tif using Guid(67a70a78d678fb649b5c703cd7dc85c1) Importer(815301076,1909f56bfc062723c751e8b465ee728b)  -> (artifact id: 'a6256ce5f768699838c575292b3af463') in 0.014662 seconds 
  Import took 0.018305 seconds .

========================================================================
Received Import Request.
  Time since last request: 0.000284 seconds.
  path: Assets/Samples/Terrain Tools/0.1.0-preview/Terrain Assets/TerrainTextures/moss_mask.tif
  artifactKey: Guid(ff77b812a1621e74694371cb173618ef) Importer(815301076,1909f56bfc062723c751e8b465ee728b)
Start importing Assets/Samples/Terrain Tools/0.1.0-preview/Terrain Assets/TerrainTextures/moss_mask.tif using Guid(ff77b812a1621e74694371cb173618ef) Importer(815301076,1909f56bfc062723c751e8b465ee728b)  -> (artifact id: '0afa759cbcf8325af2c238b097117e52') in 0.011007 seconds 
  Import took 0.013486 seconds .

========================================================================
Received Import Request.
  Time since last request: 88.368640 seconds.
  path: Assets/Samples/Terrain Tools/0.1.0-preview/Terrain Assets/TerrainTextures/snow_normal.tif
  artifactKey: Guid(52f2b70b42682a145b20ea5f04fd6af1) Importer(815301076,1909f56bfc062723c751e8b465ee728b)
Start importing Assets/Samples/Terrain Tools/0.1.0-preview/Terrain Assets/TerrainTextures/snow_normal.tif using Guid(52f2b70b42682a145b20ea5f04fd6af1) Importer(815301076,1909f56bfc062723c751e8b465ee728b)  -> (artifact id: 'd349fa00518d43b61ba5eb82918b9077') in 0.070709 seconds 
  Import took 0.074245 seconds .

========================================================================
Received Import Request.
  Time since last request: 0.000303 seconds.
  path: Assets/Samples/Terrain Tools/0.1.0-preview/Terrain Assets/TerrainTextures/snow_mask.tif
  artifactKey: Guid(1a4d9960438e8f242a5155b27813efe9) Importer(815301076,1909f56bfc062723c751e8b465ee728b)
Start importing Assets/Samples/Terrain Tools/0.1.0-preview/Terrain Assets/TerrainTextures/snow_mask.tif using Guid(1a4d9960438e8f242a5155b27813efe9) Importer(815301076,1909f56bfc062723c751e8b465ee728b)  -> (artifact id: 'd7cfb486adb945a05e79d20819e5a334') in 0.010704 seconds 
  Import took 0.013644 seconds .

========================================================================
Received Import Request.
  Time since last request: 0.000293 seconds.
  path: Assets/Samples/Terrain Tools/0.1.0-preview/Terrain Assets/TerrainTextures/snow_normal.tif
  artifactKey: Guid(52f2b70b42682a145b20ea5f04fd6af1) Importer(815301076,1909f56bfc062723c751e8b465ee728b)
Start importing Assets/Samples/Terrain Tools/0.1.0-preview/Terrain Assets/TerrainTextures/snow_normal.tif using Guid(52f2b70b42682a145b20ea5f04fd6af1) Importer(815301076,1909f56bfc062723c751e8b465ee728b)  -> (artifact id: 'd349fa00518d43b61ba5eb82918b9077') in 0.010048 seconds 
  Import took 0.013589 seconds .

========================================================================
Received Import Request.
  Time since last request: 0.000467 seconds.
  path: Assets/Samples/Terrain Tools/0.1.0-preview/Terrain Assets/TerrainTextures/snow_mask.tif
  artifactKey: Guid(1a4d9960438e8f242a5155b27813efe9) Importer(815301076,1909f56bfc062723c751e8b465ee728b)
Start importing Assets/Samples/Terrain Tools/0.1.0-preview/Terrain Assets/TerrainTextures/snow_mask.tif using Guid(1a4d9960438e8f242a5155b27813efe9) Importer(815301076,1909f56bfc062723c751e8b465ee728b)  -> (artifact id: 'd7cfb486adb945a05e79d20819e5a334') in 0.013086 seconds 
  Import took 0.016842 seconds .

========================================================================
Received Prepare
Refreshing native plugins compatible for Editor in 3.70 ms, found 2 plugins.
Preloading 0 native plugins for Editor in 0.00 ms.
Unloading 12 Unused Serialized files (Serialized files now loaded: 0)
System memory in use before: 56.2 MB.
System memory in use after: 56.3 MB.

Unloading 11 unused Assets to reduce memory usage. Loaded Objects now: 1987.
Total: 3.680600 ms (FindLiveObjects: 0.197400 ms CreateObjectMapping: 0.064000 ms MarkObjects: 3.388600 ms  DeleteObjects: 0.029700 ms)

AssetImportParameters requested are different than current active one (requested -> active):
  custom:framework-win-MediaFoundation: 216162199b28c13a410421893ffa2e32 -> 
  custom:video-decoder-ogg-theora: a1e56fd34408186e4bbccfd4996cb3dc -> 
  custom:container-muxer-webm: aa71ff27fc2769a1b78a27578f13a17b -> 
  custom:container-demuxer-webm: 4f35f7cbe854078d1ac9338744f61a02 -> 
  custom:container-demuxer-ogg: 62fdf1f143b41e24485cea50d1cbac27 -> 
  custom:video-encoder-webm-vp8: eb34c28f22e8b96e1ab97ce403110664 -> 
  custom:video-decoder-webm-vp8: 9c59270c3fd7afecdb556c50c9e8de78 -> 
  custom:audio-decoder-ogg-vorbis: bf7c407c2cedff20999df2af8eb42d56 -> 
  custom:audio-encoder-webm-vorbis: bf7c407c2cedff20999df2af8eb42d56 -> 
========================================================================
Received Import Request.
  Time since last request: 29.411335 seconds.
  path: Assets/Samples/Terrain Tools/0.1.0-preview/Terrain Assets/TerrainLayers/snow.terrainlayer
  artifactKey: Guid(34a7124a250b6314f803cba5555e7faa) Importer(815301076,1909f56bfc062723c751e8b465ee728b)
Start importing Assets/Samples/Terrain Tools/0.1.0-preview/Terrain Assets/TerrainLayers/snow.terrainlayer using Guid(34a7124a250b6314f803cba5555e7faa) Importer(815301076,1909f56bfc062723c751e8b465ee728b)  -> (artifact id: '5db8d21913437f2383a39049f4823a89') in 0.013537 seconds 
  Import took 0.016249 seconds .

========================================================================
Received Prepare
Registering precompiled user dll's ...
Registered in 0.002744 seconds.
Begin MonoManager ReloadAssembly
Native extension for WindowsStandalone target not found
Refreshing native plugins compatible for Editor in 0.53 ms, found 2 plugins.
Preloading 0 native plugins for Editor in 0.00 ms.
Mono: successfully reloaded assembly
- Completed reload, in  1.040 seconds
Platform modules already initialized, skipping
Refreshing native plugins compatible for Editor in 0.39 ms, found 2 plugins.
Preloading 0 native plugins for Editor in 0.00 ms.
Unloading 1518 Unused Serialized files (Serialized files now loaded: 0)
System memory in use before: 85.8 MB.
System memory in use after: 85.9 MB.

Unloading 14 unused Assets to reduce memory usage. Loaded Objects now: 1990.
Total: 1.723600 ms (FindLiveObjects: 0.135700 ms CreateObjectMapping: 0.043700 ms MarkObjects: 1.525300 ms  DeleteObjects: 0.018000 ms)

AssetImportParameters requested are different than current active one (requested -> active):
  custom:framework-win-MediaFoundation: 216162199b28c13a410421893ffa2e32 -> 
  custom:video-decoder-ogg-theora: a1e56fd34408186e4bbccfd4996cb3dc -> 
  custom:container-muxer-webm: aa71ff27fc2769a1b78a27578f13a17b -> 
  custom:container-demuxer-webm: 4f35f7cbe854078d1ac9338744f61a02 -> 
  custom:container-demuxer-ogg: 62fdf1f143b41e24485cea50d1cbac27 -> 
  custom:video-encoder-webm-vp8: eb34c28f22e8b96e1ab97ce403110664 -> 
  custom:video-decoder-webm-vp8: 9c59270c3fd7afecdb556c50c9e8de78 -> 
  custom:audio-decoder-ogg-vorbis: bf7c407c2cedff20999df2af8eb42d56 -> 
  custom:audio-encoder-webm-vorbis: bf7c407c2cedff20999df2af8eb42d56 -> 
========================================================================
Received Prepare
Registering precompiled user dll's ...
Registered in 0.003770 seconds.
Begin MonoManager ReloadAssembly
Native extension for WindowsStandalone target not found
Refreshing native plugins compatible for Editor in 0.37 ms, found 2 plugins.
Preloading 0 native plugins for Editor in 0.00 ms.
Mono: successfully reloaded assembly
- Completed reload, in  1.026 seconds
Platform modules already initialized, skipping
Refreshing native plugins compatible for Editor in 0.37 ms, found 2 plugins.
Preloading 0 native plugins for Editor in 0.00 ms.
Unloading 1518 Unused Serialized files (Serialized files now loaded: 0)
System memory in use before: 85.9 MB.
System memory in use after: 86.0 MB.

Unloading 14 unused Assets to reduce memory usage. Loaded Objects now: 1993.
Total: 2.110000 ms (FindLiveObjects: 0.198200 ms CreateObjectMapping: 0.043700 ms MarkObjects: 1.832300 ms  DeleteObjects: 0.035000 ms)

AssetImportParameters requested are different than current active one (requested -> active):
  custom:framework-win-MediaFoundation: 216162199b28c13a410421893ffa2e32 -> 
  custom:video-decoder-ogg-theora: a1e56fd34408186e4bbccfd4996cb3dc -> 
  custom:container-muxer-webm: aa71ff27fc2769a1b78a27578f13a17b -> 
  custom:container-demuxer-webm: 4f35f7cbe854078d1ac9338744f61a02 -> 
  custom:container-demuxer-ogg: 62fdf1f143b41e24485cea50d1cbac27 -> 
  custom:video-encoder-webm-vp8: eb34c28f22e8b96e1ab97ce403110664 -> 
  custom:video-decoder-webm-vp8: 9c59270c3fd7afecdb556c50c9e8de78 -> 
  custom:audio-decoder-ogg-vorbis: bf7c407c2cedff20999df2af8eb42d56 -> 
  custom:audio-encoder-webm-vorbis: bf7c407c2cedff20999df2af8eb42d56 -> 
========================================================================
Received Prepare
Registering precompiled user dll's ...
Registered in 0.002730 seconds.
Begin MonoManager ReloadAssembly
Native extension for WindowsStandalone target not found
Refreshing native plugins compatible for Editor in 0.33 ms, found 2 plugins.
Preloading 0 native plugins for Editor in 0.00 ms.
Mono: successfully reloaded assembly
- Completed reload, in  1.045 seconds
Platform modules already initialized, skipping
Refreshing native plugins compatible for Editor in 0.35 ms, found 2 plugins.
Preloading 0 native plugins for Editor in 0.00 ms.
Unloading 1518 Unused Serialized files (Serialized files now loaded: 0)
System memory in use before: 85.9 MB.
System memory in use after: 86.0 MB.

Unloading 14 unused Assets to reduce memory usage. Loaded Objects now: 1996.
Total: 2.060800 ms (FindLiveObjects: 0.154400 ms CreateObjectMapping: 0.057400 ms MarkObjects: 1.830700 ms  DeleteObjects: 0.016900 ms)

AssetImportParameters requested are different than current active one (requested -> active):
  custom:framework-win-MediaFoundation: 216162199b28c13a410421893ffa2e32 -> 
  custom:video-decoder-ogg-theora: a1e56fd34408186e4bbccfd4996cb3dc -> 
  custom:container-muxer-webm: aa71ff27fc2769a1b78a27578f13a17b -> 
  custom:container-demuxer-webm: 4f35f7cbe854078d1ac9338744f61a02 -> 
  custom:container-demuxer-ogg: 62fdf1f143b41e24485cea50d1cbac27 -> 
  custom:video-encoder-webm-vp8: eb34c28f22e8b96e1ab97ce403110664 -> 
  custom:video-decoder-webm-vp8: 9c59270c3fd7afecdb556c50c9e8de78 -> 
  custom:audio-decoder-ogg-vorbis: bf7c407c2cedff20999df2af8eb42d56 -> 
  custom:audio-encoder-webm-vorbis: bf7c407c2cedff20999df2af8eb42d56 -> 
AssetImportWorkerClient::OnTransportError - code=2 error=End of file
